[2018-05-14 15:31:06] request.INFO: Matched route "booking_payment". {"route":"booking_payment","route_parameters":{"_controller":"AppBundle\\Controller\\BookingController::paymentAction","_locale":"fr","_route":"booking_payment"},"request_uri":"http://www.louvre.crackthesky.fr/fr/payment","method":"POST"} []
[2018-05-14 15:31:06] security.INFO: Populated the TokenStorage with an anonymous Token. [] []
[2018-05-14 15:31:06] event.DEBUG: Notified event "kernel.request" to listener "Symfony\Component\HttpKernel\EventListener\DebugHandlersListener::configure". {"event":"kernel.request","listener":"Symfony\\Component\\HttpKernel\\EventListener\\DebugHandlersListener::configure"} []
[2018-05-14 15:31:06] event.DEBUG: Notified event "kernel.request" to listener "Symfony\Component\HttpKernel\EventListener\ValidateRequestListener::onKernelRequest". {"event":"kernel.request","listener":"Symfony\\Component\\HttpKernel\\EventListener\\ValidateRequestListener::onKernelRequest"} []
[2018-05-14 15:31:06] event.DEBUG: Notified event "kernel.request" to listener "Symfony\Component\HttpKernel\EventListener\SessionListener::onKernelRequest". {"event":"kernel.request","listener":"Symfony\\Component\\HttpKernel\\EventListener\\SessionListener::onKernelRequest"} []
[2018-05-14 15:31:06] event.DEBUG: Notified event "kernel.request" to listener "Symfony\Component\HttpKernel\EventListener\FragmentListener::onKernelRequest". {"event":"kernel.request","listener":"Symfony\\Component\\HttpKernel\\EventListener\\FragmentListener::onKernelRequest"} []
[2018-05-14 15:31:06] event.DEBUG: Notified event "kernel.request" to listener "Symfony\Component\HttpKernel\EventListener\RouterListener::onKernelRequest". {"event":"kernel.request","listener":"Symfony\\Component\\HttpKernel\\EventListener\\RouterListener::onKernelRequest"} []
[2018-05-14 15:31:06] event.DEBUG: Notified event "kernel.request" to listener "Symfony\Bundle\FrameworkBundle\EventListener\ResolveControllerNameSubscriber::onKernelRequest". {"event":"kernel.request","listener":"Symfony\\Bundle\\FrameworkBundle\\EventListener\\ResolveControllerNameSubscriber::onKernelRequest"} []
[2018-05-14 15:31:06] event.DEBUG: Notified event "kernel.request" to listener "Symfony\Component\HttpKernel\EventListener\LocaleListener::onKernelRequest". {"event":"kernel.request","listener":"Symfony\\Component\\HttpKernel\\EventListener\\LocaleListener::onKernelRequest"} []
[2018-05-14 15:31:06] event.DEBUG: Notified event "kernel.request" to listener "Symfony\Component\HttpKernel\EventListener\TranslatorListener::onKernelRequest". {"event":"kernel.request","listener":"Symfony\\Component\\HttpKernel\\EventListener\\TranslatorListener::onKernelRequest"} []
[2018-05-14 15:31:06] event.DEBUG: Notified event "kernel.request" to listener "Symfony\Bundle\SecurityBundle\Debug\TraceableFirewallListener::onKernelRequest". {"event":"kernel.request","listener":"Symfony\\Bundle\\SecurityBundle\\Debug\\TraceableFirewallListener::onKernelRequest"} []
[2018-05-14 15:31:06] event.DEBUG: Notified event "kernel.controller" to listener "Sensio\Bundle\FrameworkExtraBundle\EventListener\ControllerListener::onKernelController". {"event":"kernel.controller","listener":"Sensio\\Bundle\\FrameworkExtraBundle\\EventListener\\ControllerListener::onKernelController"} []
[2018-05-14 15:31:06] event.DEBUG: Notified event "kernel.controller" to listener "Sensio\Bundle\FrameworkExtraBundle\EventListener\ParamConverterListener::onKernelController". {"event":"kernel.controller","listener":"Sensio\\Bundle\\FrameworkExtraBundle\\EventListener\\ParamConverterListener::onKernelController"} []
[2018-05-14 15:31:06] event.DEBUG: Notified event "kernel.controller" to listener "Sensio\Bundle\FrameworkExtraBundle\EventListener\HttpCacheListener::onKernelController". {"event":"kernel.controller","listener":"Sensio\\Bundle\\FrameworkExtraBundle\\EventListener\\HttpCacheListener::onKernelController"} []
[2018-05-14 15:31:06] event.DEBUG: Notified event "kernel.controller" to listener "Sensio\Bundle\FrameworkExtraBundle\EventListener\TemplateListener::onKernelController". {"event":"kernel.controller","listener":"Sensio\\Bundle\\FrameworkExtraBundle\\EventListener\\TemplateListener::onKernelController"} []
[2018-05-14 15:31:06] event.DEBUG: Notified event "kernel.controller_arguments" to listener "Sensio\Bundle\FrameworkExtraBundle\EventListener\SecurityListener::onKernelControllerArguments". {"event":"kernel.controller_arguments","listener":"Sensio\\Bundle\\FrameworkExtraBundle\\EventListener\\SecurityListener::onKernelControllerArguments"} []
[2018-05-14 15:31:06] event.DEBUG: Notified event "kernel.controller_arguments" to listener "Sensio\Bundle\FrameworkExtraBundle\EventListener\IsGrantedListener::onKernelControllerArguments". {"event":"kernel.controller_arguments","listener":"Sensio\\Bundle\\FrameworkExtraBundle\\EventListener\\IsGrantedListener::onKernelControllerArguments"} []
[2018-05-14 15:31:07] doctrine.DEBUG: "START TRANSACTION" [] []
[2018-05-14 15:31:07] doctrine.DEBUG: INSERT INTO transaction (statusCode, message, idStripe) VALUES (?, ?, ?) {"1":0,"2":"En attente","3":"0"} []
[2018-05-14 15:31:07] doctrine.DEBUG: INSERT INTO reservation (email, dateVisit, dateReservation, duration, nbTicket, token, priceToPay, transaction_id) VALUES (?, ?, ?, ?, ?, ?, ?, ?) {"1":"christel.coeur@free.fr","2":"2018-05-18 00:00:00","3":"2018-05-14 15:25:10","4":false,"5":3,"6":"A2oLlilBn6","7":48,"8":19} []
[2018-05-14 15:31:07] doctrine.DEBUG: INSERT INTO ticket (firstName, lastName, birthDate, country, discount, price, reservation_id) VALUES (?, ?, ?, ?, ?, ?, ?) {"1":"un","2":"un","3":"1977-10-28 00:00:00","4":"FR","5":false,"6":16,"7":19} []
[2018-05-14 15:31:07] doctrine.DEBUG: INSERT INTO ticket (firstName, lastName, birthDate, country, discount, price, reservation_id) VALUES (?, ?, ?, ?, ?, ?, ?) {"1":"deux","2":"deux","3":"2000-10-28 00:00:00","4":"FR","5":false,"6":16,"7":19} []
[2018-05-14 15:31:07] doctrine.DEBUG: INSERT INTO ticket (firstName, lastName, birthDate, country, discount, price, reservation_id) VALUES (?, ?, ?, ?, ?, ?, ?) {"1":"trois","2":"trois","3":"1977-10-28 00:00:00","4":"FR","5":false,"6":16,"7":19} []
[2018-05-14 15:31:07] doctrine.DEBUG: "COMMIT" [] []
[2018-05-14 15:31:07] php.INFO: User Deprecated: The "app.PayWithStripe" service is private, getting it from the container is deprecated since Symfony 3.2 and will fail in 4.0. You should either make the service public, or stop using the container directly and use dependency injection instead. {"exception":"[object] (ErrorException(code: 0): User Deprecated: The \"app.PayWithStripe\" service is private, getting it from the container is deprecated since Symfony 3.2 and will fail in 4.0. You should either make the service public, or stop using the container directly and use dependency injection instead. at /homepages/39/d590207427/htdocs/louvre.crackthesky.fr/var/cache/prod/classes.php:3905)"} []
[2018-05-14 15:31:09] doctrine.DEBUG: "START TRANSACTION" [] []
[2018-05-14 15:31:09] doctrine.DEBUG: UPDATE transaction SET statusCode = ?, message = ?, idStripe = ? WHERE id = ? ["200","Transaction reussie","ch_1CRglbH9BTWs0XXxVK2UQWgY",19] []
[2018-05-14 15:31:09] doctrine.DEBUG: "COMMIT" [] []
[2018-05-14 15:31:09] event.DEBUG: Notified event "kernel.response" to listener "Symfony\Component\HttpKernel\EventListener\ResponseListener::onKernelResponse". {"event":"kernel.response","listener":"Symfony\\Component\\HttpKernel\\EventListener\\ResponseListener::onKernelResponse"} []
[2018-05-14 15:31:09] event.DEBUG: Notified event "kernel.response" to listener "Symfony\Component\Security\Http\RememberMe\ResponseListener::onKernelResponse". {"event":"kernel.response","listener":"Symfony\\Component\\Security\\Http\\RememberMe\\ResponseListener::onKernelResponse"} []
[2018-05-14 15:31:09] event.DEBUG: Notified event "kernel.response" to listener "Sensio\Bundle\FrameworkExtraBundle\EventListener\HttpCacheListener::onKernelResponse". {"event":"kernel.response","listener":"Sensio\\Bundle\\FrameworkExtraBundle\\EventListener\\HttpCacheListener::onKernelResponse"} []
[2018-05-14 15:31:09] event.DEBUG: Notified event "kernel.response" to listener "Symfony\Component\HttpKernel\EventListener\SessionListener::onKernelResponse". {"event":"kernel.response","listener":"Symfony\\Component\\HttpKernel\\EventListener\\SessionListener::onKernelResponse"} []
[2018-05-14 15:31:09] event.DEBUG: Notified event "kernel.response" to listener "Symfony\Component\HttpKernel\EventListener\SaveSessionListener::onKernelResponse". {"event":"kernel.response","listener":"Symfony\\Component\\HttpKernel\\EventListener\\SaveSessionListener::onKernelResponse"} []
[2018-05-14 15:31:09] event.DEBUG: Notified event "kernel.response" to listener "Symfony\Component\HttpKernel\EventListener\StreamedResponseListener::onKernelResponse". {"event":"kernel.response","listener":"Symfony\\Component\\HttpKernel\\EventListener\\StreamedResponseListener::onKernelResponse"} []
[2018-05-14 15:31:09] event.DEBUG: Notified event "kernel.finish_request" to listener "Symfony\Component\HttpKernel\EventListener\LocaleListener::onKernelFinishRequest". {"event":"kernel.finish_request","listener":"Symfony\\Component\\HttpKernel\\EventListener\\LocaleListener::onKernelFinishRequest"} []
[2018-05-14 15:31:09] event.DEBUG: Notified event "kernel.finish_request" to listener "Symfony\Component\HttpKernel\EventListener\TranslatorListener::onKernelFinishRequest". {"event":"kernel.finish_request","listener":"Symfony\\Component\\HttpKernel\\EventListener\\TranslatorListener::onKernelFinishRequest"} []
[2018-05-14 15:31:09] event.DEBUG: Notified event "kernel.finish_request" to listener "Symfony\Component\HttpKernel\EventListener\RouterListener::onKernelFinishRequest". {"event":"kernel.finish_request","listener":"Symfony\\Component\\HttpKernel\\EventListener\\RouterListener::onKernelFinishRequest"} []
[2018-05-14 15:31:09] event.DEBUG: Notified event "kernel.finish_request" to listener "Symfony\Bundle\SecurityBundle\Debug\TraceableFirewallListener::onKernelFinishRequest". {"event":"kernel.finish_request","listener":"Symfony\\Bundle\\SecurityBundle\\Debug\\TraceableFirewallListener::onKernelFinishRequest"} []
[2018-05-14 15:31:39] php.DEBUG: Warning: stream_socket_client(): unable to connect to ssl://smtp.gmail.com:465 (Connection timed out) {"exception":"[object] (Symfony\\Component\\Debug\\Exception\\SilencedErrorContext: {\"severity\":2,\"file\":\"/homepages/39/d590207427/htdocs/louvre.crackthesky.fr/vendor/swiftmailer/swiftmailer/lib/classes/Swift/Transport/StreamBuffer.php\",\"line\":266,\"trace\":[{\"file\":\"/homepages/39/d590207427/htdocs/louvre.crackthesky.fr/vendor/swiftmailer/swiftmailer/lib/classes/Swift/Transport/StreamBuffer.php\",\"line\":62,\"function\":\"_establishSocketConnection\",\"class\":\"Swift_Transport_StreamBuffer\",\"type\":\"->\"}],\"count\":1})"} []
[2018-05-14 15:31:39] app.ERROR: Exception occurred while flushing email queue: Connection could not be established with host smtp.gmail.com [Connection timed out #110] [] []
[2018-05-14 15:31:39] event.DEBUG: Notified event "kernel.terminate" to listener "Symfony\Bundle\SwiftmailerBundle\EventListener\EmailSenderListener::onTerminate". {"event":"kernel.terminate","listener":"Symfony\\Bundle\\SwiftmailerBundle\\EventListener\\EmailSenderListener::onTerminate"} []
[2018-05-14 15:37:40] request.INFO: Matched route "booking_payment". {"route":"booking_payment","route_parameters":{"_controller":"AppBundle\\Controller\\BookingController::paymentAction","_locale":"fr","_route":"booking_payment"},"request_uri":"http://www.louvre.crackthesky.fr/fr/payment","method":"POST"} []
[2018-05-14 15:37:40] security.INFO: Populated the TokenStorage with an anonymous Token. [] []
[2018-05-14 15:37:40] event.DEBUG: Notified event "kernel.request" to listener "Symfony\Component\HttpKernel\EventListener\DebugHandlersListener::configure". {"event":"kernel.request","listener":"Symfony\\Component\\HttpKernel\\EventListener\\DebugHandlersListener::configure"} []
[2018-05-14 15:37:40] event.DEBUG: Notified event "kernel.request" to listener "Symfony\Component\HttpKernel\EventListener\ValidateRequestListener::onKernelRequest". {"event":"kernel.request","listener":"Symfony\\Component\\HttpKernel\\EventListener\\ValidateRequestListener::onKernelRequest"} []
[2018-05-14 15:37:40] event.DEBUG: Notified event "kernel.request" to listener "Symfony\Component\HttpKernel\EventListener\SessionListener::onKernelRequest". {"event":"kernel.request","listener":"Symfony\\Component\\HttpKernel\\EventListener\\SessionListener::onKernelRequest"} []
[2018-05-14 15:37:40] event.DEBUG: Notified event "kernel.request" to listener "Symfony\Component\HttpKernel\EventListener\FragmentListener::onKernelRequest". {"event":"kernel.request","listener":"Symfony\\Component\\HttpKernel\\EventListener\\FragmentListener::onKernelRequest"} []
[2018-05-14 15:37:40] event.DEBUG: Notified event "kernel.request" to listener "Symfony\Component\HttpKernel\EventListener\RouterListener::onKernelRequest". {"event":"kernel.request","listener":"Symfony\\Component\\HttpKernel\\EventListener\\RouterListener::onKernelRequest"} []
[2018-05-14 15:37:40] event.DEBUG: Notified event "kernel.request" to listener "Symfony\Bundle\FrameworkBundle\EventListener\ResolveControllerNameSubscriber::onKernelRequest". {"event":"kernel.request","listener":"Symfony\\Bundle\\FrameworkBundle\\EventListener\\ResolveControllerNameSubscriber::onKernelRequest"} []
[2018-05-14 15:37:40] event.DEBUG: Notified event "kernel.request" to listener "Symfony\Component\HttpKernel\EventListener\LocaleListener::onKernelRequest". {"event":"kernel.request","listener":"Symfony\\Component\\HttpKernel\\EventListener\\LocaleListener::onKernelRequest"} []
[2018-05-14 15:37:40] event.DEBUG: Notified event "kernel.request" to listener "Symfony\Component\HttpKernel\EventListener\TranslatorListener::onKernelRequest". {"event":"kernel.request","listener":"Symfony\\Component\\HttpKernel\\EventListener\\TranslatorListener::onKernelRequest"} []
[2018-05-14 15:37:40] event.DEBUG: Notified event "kernel.request" to listener "Symfony\Bundle\SecurityBundle\Debug\TraceableFirewallListener::onKernelRequest". {"event":"kernel.request","listener":"Symfony\\Bundle\\SecurityBundle\\Debug\\TraceableFirewallListener::onKernelRequest"} []
[2018-05-14 15:37:40] event.DEBUG: Notified event "kernel.controller" to listener "Sensio\Bundle\FrameworkExtraBundle\EventListener\ControllerListener::onKernelController". {"event":"kernel.controller","listener":"Sensio\\Bundle\\FrameworkExtraBundle\\EventListener\\ControllerListener::onKernelController"} []
[2018-05-14 15:37:40] event.DEBUG: Notified event "kernel.controller" to listener "Sensio\Bundle\FrameworkExtraBundle\EventListener\ParamConverterListener::onKernelController". {"event":"kernel.controller","listener":"Sensio\\Bundle\\FrameworkExtraBundle\\EventListener\\ParamConverterListener::onKernelController"} []
[2018-05-14 15:37:40] event.DEBUG: Notified event "kernel.controller" to listener "Sensio\Bundle\FrameworkExtraBundle\EventListener\HttpCacheListener::onKernelController". {"event":"kernel.controller","listener":"Sensio\\Bundle\\FrameworkExtraBundle\\EventListener\\HttpCacheListener::onKernelController"} []
[2018-05-14 15:37:40] event.DEBUG: Notified event "kernel.controller" to listener "Sensio\Bundle\FrameworkExtraBundle\EventListener\TemplateListener::onKernelController". {"event":"kernel.controller","listener":"Sensio\\Bundle\\FrameworkExtraBundle\\EventListener\\TemplateListener::onKernelController"} []
[2018-05-14 15:37:40] event.DEBUG: Notified event "kernel.controller_arguments" to listener "Sensio\Bundle\FrameworkExtraBundle\EventListener\SecurityListener::onKernelControllerArguments". {"event":"kernel.controller_arguments","listener":"Sensio\\Bundle\\FrameworkExtraBundle\\EventListener\\SecurityListener::onKernelControllerArguments"} []
[2018-05-14 15:37:40] event.DEBUG: Notified event "kernel.controller_arguments" to listener "Sensio\Bundle\FrameworkExtraBundle\EventListener\IsGrantedListener::onKernelControllerArguments". {"event":"kernel.controller_arguments","listener":"Sensio\\Bundle\\FrameworkExtraBundle\\EventListener\\IsGrantedListener::onKernelControllerArguments"} []
[2018-05-14 15:37:40] doctrine.DEBUG: "START TRANSACTION" [] []
[2018-05-14 15:37:40] doctrine.DEBUG: INSERT INTO transaction (statusCode, message, idStripe) VALUES (?, ?, ?) {"1":0,"2":"En attente","3":"0"} []
[2018-05-14 15:37:40] doctrine.DEBUG: INSERT INTO reservation (email, dateVisit, dateReservation, duration, nbTicket, token, priceToPay, transaction_id) VALUES (?, ?, ?, ?, ?, ?, ?, ?) {"1":"christel.coeur@free.fr","2":"2018-05-24 00:00:00","3":"2018-05-14 15:37:15","4":true,"5":1,"6":"j1UuahvGsm","7":5,"8":20} []
[2018-05-14 15:37:40] doctrine.DEBUG: INSERT INTO ticket (firstName, lastName, birthDate, country, discount, price, reservation_id) VALUES (?, ?, ?, ?, ?, ?, ?) {"1":"az","2":"azs","3":"1977-10-28 00:00:00","4":"FR","5":true,"6":5,"7":20} []
[2018-05-14 15:37:40] doctrine.DEBUG: "COMMIT" [] []
[2018-05-14 15:37:40] php.INFO: User Deprecated: The "app.PayWithStripe" service is private, getting it from the container is deprecated since Symfony 3.2 and will fail in 4.0. You should either make the service public, or stop using the container directly and use dependency injection instead. {"exception":"[object] (ErrorException(code: 0): User Deprecated: The \"app.PayWithStripe\" service is private, getting it from the container is deprecated since Symfony 3.2 and will fail in 4.0. You should either make the service public, or stop using the container directly and use dependency injection instead. at /homepages/39/d590207427/htdocs/louvre.crackthesky.fr/var/cache/prod/classes.php:3905)"} []
[2018-05-14 15:37:43] doctrine.DEBUG: "START TRANSACTION" [] []
[2018-05-14 15:37:43] doctrine.DEBUG: UPDATE transaction SET statusCode = ?, message = ?, idStripe = ? WHERE id = ? ["200","Transaction reussie","ch_1CRgrxH9BTWs0XXxDzFgyiZR",20] []
[2018-05-14 15:37:43] doctrine.DEBUG: "COMMIT" [] []
[2018-05-14 15:37:43] event.DEBUG: Notified event "kernel.response" to listener "Symfony\Component\HttpKernel\EventListener\ResponseListener::onKernelResponse". {"event":"kernel.response","listener":"Symfony\\Component\\HttpKernel\\EventListener\\ResponseListener::onKernelResponse"} []
[2018-05-14 15:37:43] event.DEBUG: Notified event "kernel.response" to listener "Symfony\Component\Security\Http\RememberMe\ResponseListener::onKernelResponse". {"event":"kernel.response","listener":"Symfony\\Component\\Security\\Http\\RememberMe\\ResponseListener::onKernelResponse"} []
[2018-05-14 15:37:43] event.DEBUG: Notified event "kernel.response" to listener "Sensio\Bundle\FrameworkExtraBundle\EventListener\HttpCacheListener::onKernelResponse". {"event":"kernel.response","listener":"Sensio\\Bundle\\FrameworkExtraBundle\\EventListener\\HttpCacheListener::onKernelResponse"} []
[2018-05-14 15:37:43] event.DEBUG: Notified event "kernel.response" to listener "Symfony\Component\HttpKernel\EventListener\SessionListener::onKernelResponse". {"event":"kernel.response","listener":"Symfony\\Component\\HttpKernel\\EventListener\\SessionListener::onKernelResponse"} []
[2018-05-14 15:37:43] event.DEBUG: Notified event "kernel.response" to listener "Symfony\Component\HttpKernel\EventListener\SaveSessionListener::onKernelResponse". {"event":"kernel.response","listener":"Symfony\\Component\\HttpKernel\\EventListener\\SaveSessionListener::onKernelResponse"} []
[2018-05-14 15:37:43] event.DEBUG: Notified event "kernel.response" to listener "Symfony\Component\HttpKernel\EventListener\StreamedResponseListener::onKernelResponse". {"event":"kernel.response","listener":"Symfony\\Component\\HttpKernel\\EventListener\\StreamedResponseListener::onKernelResponse"} []
[2018-05-14 15:37:43] event.DEBUG: Notified event "kernel.finish_request" to listener "Symfony\Component\HttpKernel\EventListener\LocaleListener::onKernelFinishRequest". {"event":"kernel.finish_request","listener":"Symfony\\Component\\HttpKernel\\EventListener\\LocaleListener::onKernelFinishRequest"} []
[2018-05-14 15:37:43] event.DEBUG: Notified event "kernel.finish_request" to listener "Symfony\Component\HttpKernel\EventListener\TranslatorListener::onKernelFinishRequest". {"event":"kernel.finish_request","listener":"Symfony\\Component\\HttpKernel\\EventListener\\TranslatorListener::onKernelFinishRequest"} []
[2018-05-14 15:37:43] event.DEBUG: Notified event "kernel.finish_request" to listener "Symfony\Component\HttpKernel\EventListener\RouterListener::onKernelFinishRequest". {"event":"kernel.finish_request","listener":"Symfony\\Component\\HttpKernel\\EventListener\\RouterListener::onKernelFinishRequest"} []
[2018-05-14 15:37:43] event.DEBUG: Notified event "kernel.finish_request" to listener "Symfony\Bundle\SecurityBundle\Debug\TraceableFirewallListener::onKernelFinishRequest". {"event":"kernel.finish_request","listener":"Symfony\\Bundle\\SecurityBundle\\Debug\\TraceableFirewallListener::onKernelFinishRequest"} []
[2018-05-14 15:38:13] php.DEBUG: Warning: stream_socket_client(): unable to connect to ssl://smtp.gmail.com:465 (Connection timed out) {"exception":"[object] (Symfony\\Component\\Debug\\Exception\\SilencedErrorContext: {\"severity\":2,\"file\":\"/homepages/39/d590207427/htdocs/louvre.crackthesky.fr/vendor/swiftmailer/swiftmailer/lib/classes/Swift/Transport/StreamBuffer.php\",\"line\":266,\"trace\":[{\"file\":\"/homepages/39/d590207427/htdocs/louvre.crackthesky.fr/vendor/swiftmailer/swiftmailer/lib/classes/Swift/Transport/StreamBuffer.php\",\"line\":62,\"function\":\"_establishSocketConnection\",\"class\":\"Swift_Transport_StreamBuffer\",\"type\":\"->\"}],\"count\":1})"} []
[2018-05-14 15:38:13] app.ERROR: Exception occurred while flushing email queue: Connection could not be established with host smtp.gmail.com [Connection timed out #110] [] []
[2018-05-14 15:38:13] event.DEBUG: Notified event "kernel.terminate" to listener "Symfony\Bundle\SwiftmailerBundle\EventListener\EmailSenderListener::onTerminate". {"event":"kernel.terminate","listener":"Symfony\\Bundle\\SwiftmailerBundle\\EventListener\\EmailSenderListener::onTerminate"} []
